<?xml version="1.0" encoding="UTF-8" ?>
<testsuite tests="6" failures="1" name="test.LoginTest" time="136.606" errors="0" skipped="5">
  <properties>
[...]
</properties>
  <testcase classname="test.LoginTest" name="launchBrowser" time="22.755">
    <failure message="session not created: This version of ChromeDriver only supports Chrome version 76
Build info: version: &apos;3.14.0&apos;, revision: &apos;aacccce0&apos;, time: &apos;2018-08-02T20:19:58.91Z&apos;
System info: host: &apos;KUSHUM&apos;, ip: &apos;192.168.1.79&apos;, os.name: &apos;Windows 10&apos;, os.arch: &apos;amd64&apos;, os.version: &apos;10.0&apos;, java.version: &apos;1.8.0_191&apos;
Driver info: driver.version: ChromeDriver
remote stacktrace: Backtrace:
	Ordinal0 [0x009E7C93+1473683]
	Ordinal0 [0x0096ADB1+961969]
	Ordinal0 [0x008F42E3+475875]
	Ordinal0 [0x0088F365+62309]
	Ordinal0 [0x0088BC77+48247]
	Ordinal0 [0x008A9149+168265]
	Ordinal0 [0x008A8D1D+167197]
	Ordinal0 [0x008A742B+160811]
	Ordinal0 [0x00890AE6+68326]
	Ordinal0 [0x00891BF0+72688]
	Ordinal0 [0x00891B89+72585]
	Ordinal0 [0x00984B77+1067895]
	GetHandleVerifier [0x00A86875+506677]
	GetHandleVerifier [0x00A86610+506064]
	GetHandleVerifier [0x00A8D1B8+533624]
	GetHandleVerifier [0x00A8704A+508682]
	Ordinal0 [0x0097C266+1032806]
	Ordinal0 [0x0097C0DF+1032415]
	Ordinal0 [0x00986A8B+1075851]
	Ordinal0 [0x00986BF3+1076211]
	Ordinal0 [0x00985BA5+1072037]
	BaseThreadInitThunk [0x7642FA29+25]
	RtlGetAppContainerNamedObjectPath [0x778075F4+228]
	RtlGetAppContainerNamedObjectPath [0x778075C4+180]
" type="org.openqa.selenium.SessionNotCreatedException">org.openqa.selenium.SessionNotCreatedException: session not created: This version of ChromeDriver only supports Chrome version 76
Build info: version: &apos;3.14.0&apos;, revision: &apos;aacccce0&apos;, time: &apos;2018-08-02T20:19:58.91Z&apos;
System info: host: &apos;KUSHUM&apos;, ip: &apos;192.168.1.79&apos;, os.name: &apos;Windows 10&apos;, os.arch: &apos;amd64&apos;, os.version: &apos;10.0&apos;, java.version: &apos;1.8.0_191&apos;
Driver info: driver.version: ChromeDriver
remote stacktrace: Backtrace:
	Ordinal0 [0x009E7C93+1473683]
	Ordinal0 [0x0096ADB1+961969]
	Ordinal0 [0x008F42E3+475875]
	Ordinal0 [0x0088F365+62309]
	Ordinal0 [0x0088BC77+48247]
	Ordinal0 [0x008A9149+168265]
	Ordinal0 [0x008A8D1D+167197]
	Ordinal0 [0x008A742B+160811]
	Ordinal0 [0x00890AE6+68326]
	Ordinal0 [0x00891BF0+72688]
	Ordinal0 [0x00891B89+72585]
	Ordinal0 [0x00984B77+1067895]
	GetHandleVerifier [0x00A86875+506677]
	GetHandleVerifier [0x00A86610+506064]
	GetHandleVerifier [0x00A8D1B8+533624]
	GetHandleVerifier [0x00A8704A+508682]
	Ordinal0 [0x0097C266+1032806]
	Ordinal0 [0x0097C0DF+1032415]
	Ordinal0 [0x00986A8B+1075851]
	Ordinal0 [0x00986BF3+1076211]
	Ordinal0 [0x00985BA5+1072037]
	BaseThreadInitThunk [0x7642FA29+25]
	RtlGetAppContainerNamedObjectPath [0x778075F4+228]
	RtlGetAppContainerNamedObjectPath [0x778075C4+180]

	at sun.reflect.NativeConstructorAccessorImpl.newInstance0(Native Method)
	at sun.reflect.NativeConstructorAccessorImpl.newInstance(NativeConstructorAccessorImpl.java:62)
	at sun.reflect.DelegatingConstructorAccessorImpl.newInstance(DelegatingConstructorAccessorImpl.java:45)
	at java.lang.reflect.Constructor.newInstance(Constructor.java:423)
	at org.openqa.selenium.remote.W3CHandshakeResponse.lambda$new$0(W3CHandshakeResponse.java:57)
	at org.openqa.selenium.remote.W3CHandshakeResponse.lambda$getResponseFunction$2(W3CHandshakeResponse.java:104)
	at org.openqa.selenium.remote.ProtocolHandshake.lambda$createSession$0(ProtocolHandshake.java:122)
	at java.util.stream.ReferencePipeline$3$1.accept(ReferencePipeline.java:193)
	at java.util.Spliterators$ArraySpliterator.tryAdvance(Spliterators.java:958)
	at java.util.stream.ReferencePipeline.forEachWithCancel(ReferencePipeline.java:126)
	at java.util.stream.AbstractPipeline.copyIntoWithCancel(AbstractPipeline.java:498)
	at java.util.stream.AbstractPipeline.copyInto(AbstractPipeline.java:485)
	at java.util.stream.AbstractPipeline.wrapAndCopyInto(AbstractPipeline.java:471)
	at java.util.stream.FindOps$FindOp.evaluateSequential(FindOps.java:152)
	at java.util.stream.AbstractPipeline.evaluate(AbstractPipeline.java:234)
	at java.util.stream.ReferencePipeline.findFirst(ReferencePipeline.java:464)
	at org.openqa.selenium.remote.ProtocolHandshake.createSession(ProtocolHandshake.java:125)
	at org.openqa.selenium.remote.ProtocolHandshake.createSession(ProtocolHandshake.java:73)
	at org.openqa.selenium.remote.HttpCommandExecutor.execute(HttpCommandExecutor.java:136)
	at org.openqa.selenium.remote.service.DriverCommandExecutor.execute(DriverCommandExecutor.java:83)
	at org.openqa.selenium.remote.RemoteWebDriver.execute(RemoteWebDriver.java:548)
	at org.openqa.selenium.remote.RemoteWebDriver.startSession(RemoteWebDriver.java:212)
	at org.openqa.selenium.remote.RemoteWebDriver.&lt;init&gt;(RemoteWebDriver.java:130)
	at org.openqa.selenium.chrome.ChromeDriver.&lt;init&gt;(ChromeDriver.java:181)
	at org.openqa.selenium.chrome.ChromeDriver.&lt;init&gt;(ChromeDriver.java:168)
	at org.openqa.selenium.chrome.ChromeDriver.&lt;init&gt;(ChromeDriver.java:123)
	at util.BrowserFactory.startBrowser(BrowserFactory.java:15)
	at test.LoginTest.launchBrowser(LoginTest.java:21)
</failure>
    <system-out>Configuring TestNG with: org.apache.maven.surefire.testng.conf.TestNG652Configurator@58d25a40
</system-out>
    <system-err>Starting ChromeDriver 76.0.3809.68 (420c9498db8ce8fcd190a954d51297672c1515d5-refs/branch-heads/3809@{#864}) on port 28479
Only local connections are allowed.
Please protect ports used by ChromeDriver and related test frameworks to prevent access by malicious code.
</system-err>
  </testcase>
  <testcase classname="test.LoginTest" name="validUserShouldBeAbleToLogin" time="22.761">
    <skipped/>
  </testcase>
  <testcase classname="test.LoginTest" name="close" time="22.761">
    <skipped/>
  </testcase>
  <testcase classname="test.LoginTest" name="launchBrowser" time="22.775">
    <skipped/>
  </testcase>
  <testcase classname="test.LoginTest" name="invalidUserShouldBeAbleToLogin" time="22.776">
    <skipped/>
  </testcase>
  <testcase classname="test.LoginTest" name="close" time="22.778">
    <skipped/>
  </testcase>
</testsuite>